<?xml version="1.0" encoding="UTF-8"?>
<coverage generated="1747353632362" clover="3.2.0">
  <project timestamp="1747353632363" name="All files">
    <metrics statements="96" coveredstatements="92" conditionals="51" coveredconditionals="47" methods="15" coveredmethods="15" elements="162" coveredelements="154" complexity="0" loc="96" ncloc="96" packages="3" files="7" classes="7"/>
    <package name="src">
      <metrics statements="46" coveredstatements="45" conditionals="19" coveredconditionals="18" methods="5" coveredmethods="5"/>
      <file name="buildDiff.js" path="/mnt/d/Jonathan/Codica/Proyecto Calculadora de diferencias/cal_dif/src/buildDiff.js">
        <metrics statements="16" coveredstatements="16" conditionals="12" coveredconditionals="12" methods="2" coveredmethods="2"/>
        <line num="1" count="2" type="stmt"/>
        <line num="3" count="2" type="stmt"/>
        <line num="4" count="24" type="stmt"/>
        <line num="6" count="24" type="stmt"/>
        <line num="7" count="83" type="stmt"/>
        <line num="8" count="83" type="stmt"/>
        <line num="10" count="83" type="cond" truecount="6" falsecount="0"/>
        <line num="11" count="16" type="stmt"/>
        <line num="18" count="67" type="cond" truecount="2" falsecount="0"/>
        <line num="19" count="11" type="stmt"/>
        <line num="22" count="56" type="cond" truecount="2" falsecount="0"/>
        <line num="23" count="21" type="stmt"/>
        <line num="26" count="35" type="cond" truecount="2" falsecount="0"/>
        <line num="27" count="18" type="stmt"/>
        <line num="30" count="17" type="stmt"/>
        <line num="34" count="2" type="stmt"/>
      </file>
      <file name="fileUtils.js" path="/mnt/d/Jonathan/Codica/Proyecto Calculadora de diferencias/cal_dif/src/fileUtils.js">
        <metrics statements="9" coveredstatements="8" conditionals="4" coveredconditionals="3" methods="2" coveredmethods="2"/>
        <line num="1" count="2" type="stmt"/>
        <line num="2" count="2" type="stmt"/>
        <line num="4" count="18" type="stmt"/>
        <line num="6" count="2" type="stmt"/>
        <line num="7" count="16" type="cond" truecount="3" falsecount="1"/>
        <line num="9" count="10" type="stmt"/>
        <line num="12" count="6" type="stmt"/>
        <line num="14" count="0" type="stmt"/>
        <line num="18" count="2" type="stmt"/>
      </file>
      <file name="index.js" path="/mnt/d/Jonathan/Codica/Proyecto Calculadora de diferencias/cal_dif/src/index.js">
        <metrics statements="21" coveredstatements="21" conditionals="3" coveredconditionals="3" methods="1" coveredmethods="1"/>
        <line num="1" count="2" type="stmt"/>
        <line num="2" count="2" type="stmt"/>
        <line num="3" count="2" type="stmt"/>
        <line num="4" count="2" type="stmt"/>
        <line num="5" count="2" type="stmt"/>
        <line num="6" count="2" type="stmt"/>
        <line num="8" count="2" type="cond" truecount="1" falsecount="0"/>
        <line num="10" count="10" type="stmt"/>
        <line num="11" count="10" type="stmt"/>
        <line num="14" count="10" type="stmt"/>
        <line num="15" count="10" type="stmt"/>
        <line num="18" count="9" type="stmt"/>
        <line num="19" count="9" type="stmt"/>
        <line num="21" count="9" type="cond" truecount="2" falsecount="0"/>
        <line num="22" count="1" type="stmt"/>
        <line num="26" count="8" type="stmt"/>
        <line num="27" count="8" type="stmt"/>
        <line num="29" count="8" type="stmt"/>
        <line num="30" count="8" type="stmt"/>
        <line num="32" count="8" type="stmt"/>
        <line num="35" count="2" type="stmt"/>
      </file>
    </package>
    <package name="src.formatters">
      <metrics statements="43" coveredstatements="41" conditionals="22" coveredconditionals="20" methods="9" coveredmethods="9"/>
      <file name="index.js" path="/mnt/d/Jonathan/Codica/Proyecto Calculadora de diferencias/cal_dif/src/formatters/index.js">
        <metrics statements="8" coveredstatements="7" conditionals="3" coveredconditionals="2" methods="1" coveredmethods="1"/>
        <line num="1" count="2" type="stmt"/>
        <line num="2" count="2" type="stmt"/>
        <line num="5" count="2" type="stmt"/>
        <line num="6" count="8" type="cond" truecount="2" falsecount="1"/>
        <line num="8" count="6" type="stmt"/>
        <line num="10" count="2" type="stmt"/>
        <line num="12" count="0" type="stmt"/>
        <line num="16" count="2" type="stmt"/>
      </file>
      <file name="plain.js" path="/mnt/d/Jonathan/Codica/Proyecto Calculadora de diferencias/cal_dif/src/formatters/plain.js">
        <metrics statements="12" coveredstatements="12" conditionals="8" coveredconditionals="8" methods="2" coveredmethods="2"/>
        <line num="1" count="2" type="stmt"/>
        <line num="3" count="2" type="cond" truecount="1" falsecount="0"/>
        <line num="4" count="10" type="stmt"/>
        <line num="5" count="36" type="cond" truecount="2" falsecount="0"/>
        <line num="7" count="36" type="cond" truecount="5" falsecount="0"/>
        <line num="9" count="10" type="stmt"/>
        <line num="11" count="4" type="stmt"/>
        <line num="13" count="8" type="stmt"/>
        <line num="15" count="8" type="stmt"/>
        <line num="17" count="6" type="stmt"/>
        <line num="21" count="10" type="stmt"/>
        <line num="24" count="2" type="stmt"/>
      </file>
      <file name="stylish.js" path="/mnt/d/Jonathan/Codica/Proyecto Calculadora de diferencias/cal_dif/src/formatters/stylish.js">
        <metrics statements="23" coveredstatements="22" conditionals="11" coveredconditionals="10" methods="6" coveredmethods="6"/>
        <line num="1" count="2" type="stmt"/>
        <line num="2" count="47" type="stmt"/>
        <line num="3" count="46" type="stmt"/>
        <line num="5" count="2" type="stmt"/>
        <line num="6" count="67" type="cond" truecount="2" falsecount="0"/>
        <line num="7" count="65" type="cond" truecount="2" falsecount="0"/>
        <line num="9" count="14" type="stmt"/>
        <line num="10" count="14" type="stmt"/>
        <line num="12" count="18" type="stmt"/>
        <line num="15" count="14" type="stmt"/>
        <line num="18" count="2" type="cond" truecount="1" falsecount="0"/>
        <line num="19" count="14" type="stmt"/>
        <line num="20" count="47" type="stmt"/>
        <line num="23" count="47" type="stmt"/>
        <line num="25" count="47" type="cond" truecount="5" falsecount="1"/>
        <line num="27" count="11" type="stmt"/>
        <line num="29" count="7" type="stmt"/>
        <line num="31" count="11" type="stmt"/>
        <line num="33" count="10" type="stmt"/>
        <line num="38" count="8" type="stmt"/>
        <line num="40" count="0" type="stmt"/>
        <line num="44" count="14" type="stmt"/>
        <line num="47" count="2" type="stmt"/>
      </file>
    </package>
    <package name="src.utils">
      <metrics statements="7" coveredstatements="6" conditionals="10" coveredconditionals="9" methods="1" coveredmethods="1"/>
      <file name="formatValue.js" path="/mnt/d/Jonathan/Codica/Proyecto Calculadora de diferencias/cal_dif/src/utils/formatValue.js">
        <metrics statements="7" coveredstatements="6" conditionals="10" coveredconditionals="9" methods="1" coveredmethods="1"/>
        <line num="1" count="2" type="stmt"/>
        <line num="2" count="26" type="cond" truecount="2" falsecount="0"/>
        <line num="3" count="24" type="cond" truecount="2" falsecount="0"/>
        <line num="4" count="10" type="cond" truecount="4" falsecount="0"/>
        <line num="5" count="6" type="cond" truecount="1" falsecount="1"/>
        <line num="6" count="0" type="stmt"/>
        <line num="9" count="2" type="stmt"/>
      </file>
    </package>
  </project>
</coverage>
