<?xml version="1.0" encoding="UTF-8"?>
<coverage generated="1747341095135" clover="3.2.0">
  <project timestamp="1747341095135" name="All files">
    <metrics statements="68" coveredstatements="66" conditionals="30" coveredconditionals="28" methods="11" coveredmethods="11" elements="109" coveredelements="105" complexity="0" loc="68" ncloc="68" packages="2" files="4" classes="4"/>
    <package name="src">
      <metrics statements="45" coveredstatements="44" conditionals="19" coveredconditionals="18" methods="5" coveredmethods="5"/>
      <file name="buildDiff.js" path="/mnt/d/Jonathan/Codica/Proyecto Calculadora de diferencias/cal_dif/src/buildDiff.js">
        <metrics statements="16" coveredstatements="16" conditionals="12" coveredconditionals="12" methods="2" coveredmethods="2"/>
        <line num="1" count="2" type="stmt"/>
        <line num="3" count="2" type="stmt"/>
        <line num="4" count="14" type="stmt"/>
        <line num="6" count="14" type="stmt"/>
        <line num="7" count="47" type="stmt"/>
        <line num="8" count="47" type="stmt"/>
        <line num="10" count="47" type="cond" truecount="6" falsecount="0"/>
        <line num="11" count="8" type="stmt"/>
        <line num="18" count="39" type="cond" truecount="2" falsecount="0"/>
        <line num="19" count="7" type="stmt"/>
        <line num="22" count="32" type="cond" truecount="2" falsecount="0"/>
        <line num="23" count="11" type="stmt"/>
        <line num="26" count="21" type="cond" truecount="2" falsecount="0"/>
        <line num="27" count="10" type="stmt"/>
        <line num="30" count="11" type="stmt"/>
        <line num="34" count="2" type="stmt"/>
      </file>
      <file name="fileUtils.js" path="/mnt/d/Jonathan/Codica/Proyecto Calculadora de diferencias/cal_dif/src/fileUtils.js">
        <metrics statements="9" coveredstatements="8" conditionals="4" coveredconditionals="3" methods="2" coveredmethods="2"/>
        <line num="1" count="2" type="stmt"/>
        <line num="2" count="2" type="stmt"/>
        <line num="4" count="14" type="stmt"/>
        <line num="6" count="2" type="stmt"/>
        <line num="7" count="12" type="cond" truecount="3" falsecount="1"/>
        <line num="9" count="8" type="stmt"/>
        <line num="12" count="4" type="stmt"/>
        <line num="14" count="0" type="stmt"/>
        <line num="18" count="2" type="stmt"/>
      </file>
      <file name="index.js" path="/mnt/d/Jonathan/Codica/Proyecto Calculadora de diferencias/cal_dif/src/index.js">
        <metrics statements="20" coveredstatements="20" conditionals="3" coveredconditionals="3" methods="1" coveredmethods="1"/>
        <line num="1" count="2" type="stmt"/>
        <line num="2" count="2" type="stmt"/>
        <line num="3" count="2" type="stmt"/>
        <line num="4" count="2" type="stmt"/>
        <line num="5" count="2" type="stmt"/>
        <line num="7" count="2" type="stmt"/>
        <line num="9" count="2" type="cond" truecount="1" falsecount="0"/>
        <line num="11" count="8" type="stmt"/>
        <line num="12" count="8" type="stmt"/>
        <line num="15" count="8" type="stmt"/>
        <line num="16" count="8" type="stmt"/>
        <line num="19" count="7" type="stmt"/>
        <line num="20" count="7" type="stmt"/>
        <line num="22" count="7" type="cond" truecount="2" falsecount="0"/>
        <line num="23" count="1" type="stmt"/>
        <line num="27" count="6" type="stmt"/>
        <line num="28" count="6" type="stmt"/>
        <line num="30" count="6" type="stmt"/>
        <line num="33" count="6" type="stmt"/>
        <line num="36" count="2" type="stmt"/>
      </file>
    </package>
    <package name="src.formatters">
      <metrics statements="23" coveredstatements="22" conditionals="11" coveredconditionals="10" methods="6" coveredmethods="6"/>
      <file name="stylish.js" path="/mnt/d/Jonathan/Codica/Proyecto Calculadora de diferencias/cal_dif/src/formatters/stylish.js">
        <metrics statements="23" coveredstatements="22" conditionals="11" coveredconditionals="10" methods="6" coveredmethods="6"/>
        <line num="1" count="2" type="stmt"/>
        <line num="2" count="47" type="stmt"/>
        <line num="3" count="46" type="stmt"/>
        <line num="5" count="2" type="stmt"/>
        <line num="6" count="67" type="cond" truecount="2" falsecount="0"/>
        <line num="7" count="65" type="cond" truecount="2" falsecount="0"/>
        <line num="9" count="14" type="stmt"/>
        <line num="10" count="14" type="stmt"/>
        <line num="12" count="18" type="stmt"/>
        <line num="15" count="14" type="stmt"/>
        <line num="18" count="2" type="cond" truecount="1" falsecount="0"/>
        <line num="19" count="14" type="stmt"/>
        <line num="20" count="47" type="stmt"/>
        <line num="23" count="47" type="stmt"/>
        <line num="25" count="47" type="cond" truecount="5" falsecount="1"/>
        <line num="27" count="11" type="stmt"/>
        <line num="29" count="7" type="stmt"/>
        <line num="31" count="11" type="stmt"/>
        <line num="33" count="10" type="stmt"/>
        <line num="38" count="8" type="stmt"/>
        <line num="40" count="0" type="stmt"/>
        <line num="44" count="14" type="stmt"/>
        <line num="47" count="2" type="stmt"/>
      </file>
    </package>
  </project>
</coverage>
