{"/mnt/d/Jonathan/Codica/Proyecto Calculadora de diferencias/cal_dif/src/buildDiff.js": {"path":"/mnt/d/Jonathan/Codica/Proyecto Calculadora de diferencias/cal_dif/src/buildDiff.js","statementMap":{"0":{"start":{"line":1,"column":10},"end":{"line":1,"column":27}},"1":{"start":{"line":3,"column":18},"end":{"line":32,"column":1}},"2":{"start":{"line":4,"column":15},"end":{"line":4,"column":70}},"3":{"start":{"line":6,"column":2},"end":{"line":31,"column":5}},"4":{"start":{"line":7,"column":19},"end":{"line":7,"column":28}},"5":{"start":{"line":8,"column":19},"end":{"line":8,"column":28}},"6":{"start":{"line":10,"column":4},"end":{"line":16,"column":5}},"7":{"start":{"line":11,"column":6},"end":{"line":15,"column":8}},"8":{"start":{"line":18,"column":4},"end":{"line":20,"column":5}},"9":{"start":{"line":19,"column":6},"end":{"line":19,"column":55}},"10":{"start":{"line":22,"column":4},"end":{"line":24,"column":5}},"11":{"start":{"line":23,"column":6},"end":{"line":23,"column":53}},"12":{"start":{"line":26,"column":4},"end":{"line":28,"column":5}},"13":{"start":{"line":27,"column":6},"end":{"line":27,"column":56}},"14":{"start":{"line":30,"column":4},"end":{"line":30,"column":55}},"15":{"start":{"line":34,"column":0},"end":{"line":34,"column":27}}},"fnMap":{"0":{"name":"(anonymous_0)","decl":{"start":{"line":3,"column":18},"end":{"line":3,"column":19}},"loc":{"start":{"line":3,"column":34},"end":{"line":32,"column":1}},"line":3},"1":{"name":"(anonymous_1)","decl":{"start":{"line":6,"column":18},"end":{"line":6,"column":19}},"loc":{"start":{"line":6,"column":27},"end":{"line":31,"column":3}},"line":6}},"branchMap":{"0":{"loc":{"start":{"line":10,"column":4},"end":{"line":16,"column":5}},"type":"if","locations":[{"start":{"line":10,"column":4},"end":{"line":16,"column":5}},{"start":{},"end":{}}],"line":10},"1":{"loc":{"start":{"line":10,"column":8},"end":{"line":10,"column":100}},"type":"binary-expr","locations":[{"start":{"line":10,"column":8},"end":{"line":10,"column":26}},{"start":{"line":10,"column":30},"end":{"line":10,"column":48}},{"start":{"line":10,"column":52},"end":{"line":10,"column":74}},{"start":{"line":10,"column":78},"end":{"line":10,"column":100}}],"line":10},"2":{"loc":{"start":{"line":18,"column":4},"end":{"line":20,"column":5}},"type":"if","locations":[{"start":{"line":18,"column":4},"end":{"line":20,"column":5}},{"start":{},"end":{}}],"line":18},"3":{"loc":{"start":{"line":22,"column":4},"end":{"line":24,"column":5}},"type":"if","locations":[{"start":{"line":22,"column":4},"end":{"line":24,"column":5}},{"start":{},"end":{}}],"line":22},"4":{"loc":{"start":{"line":26,"column":4},"end":{"line":28,"column":5}},"type":"if","locations":[{"start":{"line":26,"column":4},"end":{"line":28,"column":5}},{"start":{},"end":{}}],"line":26}},"s":{"0":2,"1":2,"2":14,"3":14,"4":47,"5":47,"6":47,"7":8,"8":39,"9":7,"10":32,"11":11,"12":21,"13":10,"14":11,"15":2},"f":{"0":14,"1":47},"b":{"0":[8,39],"1":[47,12,8,8],"2":[7,32],"3":[11,21],"4":[10,11]},"_coverageSchema":"1a1c01bbd47fc00a2c39e90264f33305004495a9","hash":"58315150d6aa6e28be1748bad6c7b06b93f7c412"}
,"/mnt/d/Jonathan/Codica/Proyecto Calculadora de diferencias/cal_dif/src/fileUtils.js": {"path":"/mnt/d/Jonathan/Codica/Proyecto Calculadora de diferencias/cal_dif/src/fileUtils.js","statementMap":{"0":{"start":{"line":1,"column":13},"end":{"line":1,"column":28}},"1":{"start":{"line":2,"column":13},"end":{"line":2,"column":31}},"2":{"start":{"line":4,"column":25},"end":{"line":4,"column":70}},"3":{"start":{"line":4,"column":39},"end":{"line":4,"column":70}},"4":{"start":{"line":6,"column":22},"end":{"line":16,"column":1}},"5":{"start":{"line":7,"column":2},"end":{"line":15,"column":3}},"6":{"start":{"line":9,"column":6},"end":{"line":9,"column":30}},"7":{"start":{"line":12,"column":6},"end":{"line":12,"column":29}},"8":{"start":{"line":14,"column":6},"end":{"line":14,"column":57}},"9":{"start":{"line":18,"column":0},"end":{"line":21,"column":2}}},"fnMap":{"0":{"name":"(anonymous_0)","decl":{"start":{"line":4,"column":25},"end":{"line":4,"column":26}},"loc":{"start":{"line":4,"column":39},"end":{"line":4,"column":70}},"line":4},"1":{"name":"(anonymous_1)","decl":{"start":{"line":6,"column":22},"end":{"line":6,"column":23}},"loc":{"start":{"line":6,"column":40},"end":{"line":16,"column":1}},"line":6}},"branchMap":{"0":{"loc":{"start":{"line":7,"column":2},"end":{"line":15,"column":3}},"type":"switch","locations":[{"start":{"line":8,"column":4},"end":{"line":9,"column":30}},{"start":{"line":10,"column":4},"end":{"line":10,"column":15}},{"start":{"line":11,"column":4},"end":{"line":12,"column":29}},{"start":{"line":13,"column":4},"end":{"line":14,"column":57}}],"line":7}},"s":{"0":2,"1":2,"2":2,"3":14,"4":2,"5":12,"6":8,"7":4,"8":0,"9":2},"f":{"0":14,"1":12},"b":{"0":[8,2,4,0]},"_coverageSchema":"1a1c01bbd47fc00a2c39e90264f33305004495a9","hash":"8e431f67e56a86acfdd7e5d06a0062d16ecb955d"}
,"/mnt/d/Jonathan/Codica/Proyecto Calculadora de diferencias/cal_dif/src/index.js": {"path":"/mnt/d/Jonathan/Codica/Proyecto Calculadora de diferencias/cal_dif/src/index.js","statementMap":{"0":{"start":{"line":1,"column":13},"end":{"line":1,"column":28}},"1":{"start":{"line":2,"column":25},"end":{"line":2,"column":38}},"2":{"start":{"line":3,"column":10},"end":{"line":3,"column":27}},"3":{"start":{"line":4,"column":44},"end":{"line":4,"column":69}},"4":{"start":{"line":5,"column":18},"end":{"line":5,"column":43}},"5":{"start":{"line":7,"column":27},"end":{"line":7,"column":61}},"6":{"start":{"line":9,"column":16},"end":{"line":34,"column":1}},"7":{"start":{"line":11,"column":19},"end":{"line":11,"column":57}},"8":{"start":{"line":12,"column":19},"end":{"line":12,"column":57}},"9":{"start":{"line":15,"column":20},"end":{"line":15,"column":50}},"10":{"start":{"line":16,"column":20},"end":{"line":16,"column":50}},"11":{"start":{"line":19,"column":15},"end":{"line":19,"column":42}},"12":{"start":{"line":20,"column":15},"end":{"line":20,"column":42}},"13":{"start":{"line":22,"column":2},"end":{"line":24,"column":3}},"14":{"start":{"line":23,"column":4},"end":{"line":23,"column":66}},"15":{"start":{"line":27,"column":16},"end":{"line":27,"column":46}},"16":{"start":{"line":28,"column":16},"end":{"line":28,"column":46}},"17":{"start":{"line":30,"column":19},"end":{"line":30,"column":42}},"18":{"start":{"line":33,"column":2},"end":{"line":33,"column":34}},"19":{"start":{"line":36,"column":0},"end":{"line":36,"column":25}}},"fnMap":{"0":{"name":"(anonymous_0)","decl":{"start":{"line":9,"column":16},"end":{"line":9,"column":17}},"loc":{"start":{"line":9,"column":60},"end":{"line":34,"column":1}},"line":9}},"branchMap":{"0":{"loc":{"start":{"line":9,"column":39},"end":{"line":9,"column":55}},"type":"default-arg","locations":[{"start":{"line":9,"column":46},"end":{"line":9,"column":55}}],"line":9},"1":{"loc":{"start":{"line":22,"column":2},"end":{"line":24,"column":3}},"type":"if","locations":[{"start":{"line":22,"column":2},"end":{"line":24,"column":3}},{"start":{},"end":{}}],"line":22}},"s":{"0":2,"1":2,"2":2,"3":2,"4":2,"5":2,"6":2,"7":8,"8":8,"9":8,"10":8,"11":7,"12":7,"13":7,"14":1,"15":6,"16":6,"17":6,"18":6,"19":2},"f":{"0":8},"b":{"0":[8],"1":[1,6]},"_coverageSchema":"1a1c01bbd47fc00a2c39e90264f33305004495a9","hash":"bd44131226ca63311e07bb840afddae52cc74c63"}
,"/mnt/d/Jonathan/Codica/Proyecto Calculadora de diferencias/cal_dif/src/formatters/stylish.js": {"path":"/mnt/d/Jonathan/Codica/Proyecto Calculadora de diferencias/cal_dif/src/formatters/stylish.js","statementMap":{"0":{"start":{"line":1,"column":19},"end":{"line":1,"column":20}},"1":{"start":{"line":2,"column":18},"end":{"line":2,"column":61}},"2":{"start":{"line":2,"column":29},"end":{"line":2,"column":61}},"3":{"start":{"line":3,"column":25},"end":{"line":3,"column":66}},"4":{"start":{"line":3,"column":36},"end":{"line":3,"column":66}},"5":{"start":{"line":5,"column":18},"end":{"line":16,"column":1}},"6":{"start":{"line":6,"column":2},"end":{"line":6,"column":36}},"7":{"start":{"line":6,"column":22},"end":{"line":6,"column":36}},"8":{"start":{"line":7,"column":2},"end":{"line":7,"column":54}},"9":{"start":{"line":7,"column":33},"end":{"line":7,"column":54}},"10":{"start":{"line":9,"column":18},"end":{"line":9,"column":39}},"11":{"start":{"line":10,"column":16},"end":{"line":13,"column":3}},"12":{"start":{"line":12,"column":6},"end":{"line":12,"column":74}},"13":{"start":{"line":15,"column":2},"end":{"line":15,"column":63}},"14":{"start":{"line":18,"column":22},"end":{"line":45,"column":1}},"15":{"start":{"line":19,"column":16},"end":{"line":42,"column":4}},"16":{"start":{"line":20,"column":19},"end":{"line":20,"column":35}},"17":{"start":{"line":23,"column":8},"end":{"line":23,"column":12}},"18":{"start":{"line":25,"column":4},"end":{"line":41,"column":5}},"19":{"start":{"line":27,"column":8},"end":{"line":27,"column":63}},"20":{"start":{"line":29,"column":8},"end":{"line":29,"column":63}},"21":{"start":{"line":31,"column":8},"end":{"line":31,"column":63}},"22":{"start":{"line":33,"column":8},"end":{"line":36,"column":21}},"23":{"start":{"line":38,"column":8},"end":{"line":38,"column":74}},"24":{"start":{"line":40,"column":8},"end":{"line":40,"column":53}},"25":{"start":{"line":44,"column":2},"end":{"line":44,"column":67}},"26":{"start":{"line":47,"column":0},"end":{"line":49,"column":2}}},"fnMap":{"0":{"name":"(anonymous_0)","decl":{"start":{"line":2,"column":18},"end":{"line":2,"column":19}},"loc":{"start":{"line":2,"column":29},"end":{"line":2,"column":61}},"line":2},"1":{"name":"(anonymous_1)","decl":{"start":{"line":3,"column":25},"end":{"line":3,"column":26}},"loc":{"start":{"line":3,"column":36},"end":{"line":3,"column":66}},"line":3},"2":{"name":"(anonymous_2)","decl":{"start":{"line":5,"column":18},"end":{"line":5,"column":19}},"loc":{"start":{"line":5,"column":36},"end":{"line":16,"column":1}},"line":5},"3":{"name":"(anonymous_3)","decl":{"start":{"line":11,"column":4},"end":{"line":11,"column":5}},"loc":{"start":{"line":12,"column":6},"end":{"line":12,"column":74}},"line":12},"4":{"name":"(anonymous_4)","decl":{"start":{"line":18,"column":22},"end":{"line":18,"column":23}},"loc":{"start":{"line":18,"column":43},"end":{"line":45,"column":1}},"line":18},"5":{"name":"(anonymous_5)","decl":{"start":{"line":19,"column":25},"end":{"line":19,"column":26}},"loc":{"start":{"line":19,"column":35},"end":{"line":42,"column":3}},"line":19}},"branchMap":{"0":{"loc":{"start":{"line":6,"column":2},"end":{"line":6,"column":36}},"type":"if","locations":[{"start":{"line":6,"column":2},"end":{"line":6,"column":36}},{"start":{},"end":{}}],"line":6},"1":{"loc":{"start":{"line":7,"column":2},"end":{"line":7,"column":54}},"type":"if","locations":[{"start":{"line":7,"column":2},"end":{"line":7,"column":54}},{"start":{},"end":{}}],"line":7},"2":{"loc":{"start":{"line":18,"column":29},"end":{"line":18,"column":38}},"type":"default-arg","locations":[{"start":{"line":18,"column":37},"end":{"line":18,"column":38}}],"line":18},"3":{"loc":{"start":{"line":25,"column":4},"end":{"line":41,"column":5}},"type":"switch","locations":[{"start":{"line":26,"column":6},"end":{"line":27,"column":63}},{"start":{"line":28,"column":6},"end":{"line":29,"column":63}},{"start":{"line":30,"column":6},"end":{"line":31,"column":63}},{"start":{"line":32,"column":6},"end":{"line":36,"column":21}},{"start":{"line":37,"column":6},"end":{"line":38,"column":74}},{"start":{"line":39,"column":6},"end":{"line":40,"column":53}}],"line":25}},"s":{"0":2,"1":2,"2":47,"3":2,"4":46,"5":2,"6":67,"7":2,"8":65,"9":51,"10":14,"11":14,"12":18,"13":14,"14":2,"15":14,"16":47,"17":47,"18":47,"19":11,"20":7,"21":11,"22":10,"23":8,"24":0,"25":14,"26":2},"f":{"0":47,"1":46,"2":67,"3":18,"4":14,"5":47},"b":{"0":[2,65],"1":[51,14],"2":[6],"3":[11,7,11,10,8,0]},"_coverageSchema":"1a1c01bbd47fc00a2c39e90264f33305004495a9","hash":"7a17c1565b3be0e9cfefe5e637d2e67550ca042b"}
}
