TN:
SF:src/buildDiff.js
FN:3,(anonymous_0)
FN:6,(anonymous_1)
FNF:2
FNH:2
FNDA:14,(anonymous_0)
FNDA:47,(anonymous_1)
DA:1,2
DA:3,2
DA:4,14
DA:6,14
DA:7,47
DA:8,47
DA:10,47
DA:11,8
DA:18,39
DA:19,7
DA:22,32
DA:23,11
DA:26,21
DA:27,10
DA:30,11
DA:34,2
LF:16
LH:16
BRDA:10,0,0,8
BRDA:10,0,1,39
BRDA:10,1,0,47
BRDA:10,1,1,12
BRDA:10,1,2,8
BRDA:10,1,3,8
BRDA:18,2,0,7
BRDA:18,2,1,32
BRDA:22,3,0,11
BRDA:22,3,1,21
BRDA:26,4,0,10
BRDA:26,4,1,11
BRF:12
BRH:12
end_of_record
TN:
SF:src/fileUtils.js
FN:4,(anonymous_0)
FN:6,(anonymous_1)
FNF:2
FNH:2
FNDA:14,(anonymous_0)
FNDA:12,(anonymous_1)
DA:1,2
DA:2,2
DA:4,14
DA:6,2
DA:7,12
DA:9,8
DA:12,4
DA:14,0
DA:18,2
LF:9
LH:8
BRDA:7,0,0,8
BRDA:7,0,1,2
BRDA:7,0,2,4
BRDA:7,0,3,0
BRF:4
BRH:3
end_of_record
TN:
SF:src/index.js
FN:9,(anonymous_0)
FNF:1
FNH:1
FNDA:8,(anonymous_0)
DA:1,2
DA:2,2
DA:3,2
DA:4,2
DA:5,2
DA:7,2
DA:9,2
DA:11,8
DA:12,8
DA:15,8
DA:16,8
DA:19,7
DA:20,7
DA:22,7
DA:23,1
DA:27,6
DA:28,6
DA:30,6
DA:33,6
DA:36,2
LF:20
LH:20
BRDA:9,0,0,8
BRDA:22,1,0,1
BRDA:22,1,1,6
BRF:3
BRH:3
end_of_record
TN:
SF:src/formatters/stylish.js
FN:2,(anonymous_0)
FN:3,(anonymous_1)
FN:5,(anonymous_2)
FN:11,(anonymous_3)
FN:18,(anonymous_4)
FN:19,(anonymous_5)
FNF:6
FNH:6
FNDA:47,(anonymous_0)
FNDA:46,(anonymous_1)
FNDA:67,(anonymous_2)
FNDA:18,(anonymous_3)
FNDA:14,(anonymous_4)
FNDA:47,(anonymous_5)
DA:1,2
DA:2,47
DA:3,46
DA:5,2
DA:6,67
DA:7,65
DA:9,14
DA:10,14
DA:12,18
DA:15,14
DA:18,2
DA:19,14
DA:20,47
DA:23,47
DA:25,47
DA:27,11
DA:29,7
DA:31,11
DA:33,10
DA:38,8
DA:40,0
DA:44,14
DA:47,2
LF:23
LH:22
BRDA:6,0,0,2
BRDA:6,0,1,65
BRDA:7,1,0,51
BRDA:7,1,1,14
BRDA:18,2,0,6
BRDA:25,3,0,11
BRDA:25,3,1,7
BRDA:25,3,2,11
BRDA:25,3,3,10
BRDA:25,3,4,8
BRDA:25,3,5,0
BRF:11
BRH:10
end_of_record
