TN:
SF:src/buildDiff.js
FN:3,(anonymous_0)
FN:6,(anonymous_1)
FNF:2
FNH:2
FNDA:34,(anonymous_0)
FNDA:119,(anonymous_1)
DA:1,2
DA:3,2
DA:4,34
DA:6,34
DA:7,119
DA:8,119
DA:10,119
DA:11,24
DA:18,95
DA:19,15
DA:22,80
DA:23,31
DA:26,49
DA:27,26
DA:30,23
DA:34,2
LF:16
LH:16
BRDA:10,0,0,24
BRDA:10,0,1,95
BRDA:10,1,0,119
BRDA:10,1,1,36
BRDA:10,1,2,24
BRDA:10,1,3,24
BRDA:18,2,0,15
BRDA:18,2,1,80
BRDA:22,3,0,31
BRDA:22,3,1,49
BRDA:26,4,0,26
BRDA:26,4,1,23
BRF:12
BRH:12
end_of_record
TN:
SF:src/fileUtils.js
FN:4,(anonymous_0)
FN:6,(anonymous_1)
FNF:2
FNH:2
FNDA:22,(anonymous_0)
FNDA:20,(anonymous_1)
DA:1,2
DA:2,2
DA:4,22
DA:6,2
DA:7,20
DA:9,12
DA:12,8
DA:14,0
DA:18,2
LF:9
LH:8
BRDA:7,0,0,12
BRDA:7,0,1,2
BRDA:7,0,2,8
BRDA:7,0,3,0
BRF:4
BRH:3
end_of_record
TN:
SF:src/index.js
FN:8,(anonymous_0)
FNF:1
FNH:1
FNDA:12,(anonymous_0)
DA:1,2
DA:2,2
DA:3,2
DA:4,2
DA:5,2
DA:6,2
DA:8,2
DA:10,12
DA:11,12
DA:14,12
DA:15,12
DA:18,11
DA:19,11
DA:21,11
DA:22,1
DA:26,10
DA:27,10
DA:29,10
DA:30,10
DA:32,10
DA:35,2
LF:21
LH:21
BRDA:8,0,0,8
BRDA:21,1,0,1
BRDA:21,1,1,10
BRF:3
BRH:3
end_of_record
TN:
SF:src/formatters/index.js
FN:5,(anonymous_0)
FNF:1
FNH:1
FNDA:10,(anonymous_0)
DA:1,2
DA:2,2
DA:3,2
DA:5,2
DA:6,10
DA:8,6
DA:10,2
DA:12,2
DA:14,0
DA:18,2
LF:10
LH:9
BRDA:6,0,0,6
BRDA:6,0,1,2
BRDA:6,0,2,2
BRDA:6,0,3,0
BRF:4
BRH:3
end_of_record
TN:
SF:src/formatters/json.js
FN:1,(anonymous_0)
FNF:1
FNH:1
FNDA:2,(anonymous_0)
DA:1,2
DA:3,2
LF:2
LH:2
BRF:0
BRH:0
end_of_record
TN:
SF:src/formatters/plain.js
FN:3,(anonymous_0)
FN:4,(anonymous_1)
FNF:2
FNH:2
FNDA:10,(anonymous_0)
FNDA:36,(anonymous_1)
DA:1,2
DA:3,2
DA:4,10
DA:5,36
DA:7,36
DA:9,10
DA:11,4
DA:13,8
DA:15,8
DA:17,6
DA:21,10
DA:24,2
LF:12
LH:12
BRDA:3,0,0,2
BRDA:5,1,0,28
BRDA:5,1,1,8
BRDA:7,2,0,10
BRDA:7,2,1,4
BRDA:7,2,2,8
BRDA:7,2,3,8
BRDA:7,2,4,6
BRF:8
BRH:8
end_of_record
TN:
SF:src/formatters/stylish.js
FN:2,(anonymous_0)
FN:3,(anonymous_1)
FN:5,(anonymous_2)
FN:11,(anonymous_3)
FN:18,(anonymous_4)
FN:19,(anonymous_5)
FNF:6
FNH:6
FNDA:47,(anonymous_0)
FNDA:46,(anonymous_1)
FNDA:67,(anonymous_2)
FNDA:18,(anonymous_3)
FNDA:14,(anonymous_4)
FNDA:47,(anonymous_5)
DA:1,2
DA:2,47
DA:3,46
DA:5,2
DA:6,67
DA:7,65
DA:9,14
DA:10,14
DA:12,18
DA:15,14
DA:18,2
DA:19,14
DA:20,47
DA:23,47
DA:25,47
DA:27,11
DA:29,7
DA:31,11
DA:33,10
DA:38,8
DA:40,0
DA:44,14
DA:47,2
LF:23
LH:22
BRDA:6,0,0,2
BRDA:6,0,1,65
BRDA:7,1,0,51
BRDA:7,1,1,14
BRDA:18,2,0,6
BRDA:25,3,0,11
BRDA:25,3,1,7
BRDA:25,3,2,11
BRDA:25,3,3,10
BRDA:25,3,4,8
BRDA:25,3,5,0
BRF:11
BRH:10
end_of_record
TN:
SF:src/utils/formatValue.js
FN:1,(anonymous_0)
FNF:1
FNH:1
FNDA:26,(anonymous_0)
DA:1,2
DA:2,26
DA:3,24
DA:4,10
DA:5,6
DA:6,0
DA:9,2
LF:7
LH:6
BRDA:2,0,0,2
BRDA:2,0,1,24
BRDA:3,1,0,14
BRDA:3,1,1,10
BRDA:4,2,0,4
BRDA:4,2,1,6
BRDA:4,3,0,10
BRDA:4,3,1,6
BRDA:5,4,0,6
BRDA:5,4,1,0
BRF:10
BRH:9
end_of_record
